1:  got a condo in manhattan
2: baby girl whats happening
3: turn around and drop it for a player
4: drop it for me
5: got it if you want
6: take my wallet if you want it now
7: your jewlery shinning so bright
8: strawberry champagne on ice 
9: thats what i like
10: sex by the fire 
11: all night
12: silk sheets and dimonds all right
13: lucky for you thats what i like
14: thats what i like
15: this song goes alot faster then my fingers can type
16: is it you?
17: is it me? 
18: say its us
19: do you agree
20: jump in the cadillac lets put some miles on it
21: your jewlery shinning so bright
22: 
23: oooooooooo
24: ajhdsfh
25: ajksdnf
26: aslkdjgh
27: asdfkha
28: oajsdfjkhasdflk
29: adfjkjak;df'afj
30: 
